<?xml version="1.0" encoding="UTF-8"?>
<testsuite xmlns:xsi="http://www.w3.org/2001/XMLSchema-instance" xsi:noNamespaceSchemaLocation="https://maven.apache.org/surefire/maven-surefire-plugin/xsd/surefire-test-report-3.0.xsd" version="3.0" name="com.aicodeeditor.BasicTest" time="0.229" tests="3" errors="0" skipped="0" failures="0">
  <properties>
    <property name="java.specification.version" value="21"/>
    <property name="sun.jnu.encoding" value="UTF-8"/>
    <property name="java.class.path" value="/home/rajat/new-projects/ai-coder/target/test-classes:/home/rajat/new-projects/ai-coder/target/classes:/home/rajat/.m2/repository/org/openjfx/javafx-controls/17.0.2/javafx-controls-17.0.2.jar:/home/rajat/.m2/repository/org/openjfx/javafx-controls/17.0.2/javafx-controls-17.0.2-linux.jar:/home/rajat/.m2/repository/org/openjfx/javafx-graphics/17.0.2/javafx-graphics-17.0.2.jar:/home/rajat/.m2/repository/org/openjfx/javafx-graphics/17.0.2/javafx-graphics-17.0.2-linux.jar:/home/rajat/.m2/repository/org/openjfx/javafx-base/17.0.2/javafx-base-17.0.2.jar:/home/rajat/.m2/repository/org/openjfx/javafx-fxml/17.0.2/javafx-fxml-17.0.2.jar:/home/rajat/.m2/repository/org/openjfx/javafx-fxml/17.0.2/javafx-fxml-17.0.2-linux.jar:/home/rajat/.m2/repository/org/openjfx/javafx-web/17.0.2/javafx-web-17.0.2.jar:/home/rajat/.m2/repository/org/openjfx/javafx-web/17.0.2/javafx-web-17.0.2-linux.jar:/home/rajat/.m2/repository/org/openjfx/javafx-media/17.0.2/javafx-media-17.0.2.jar:/home/rajat/.m2/repository/org/openjfx/javafx-media/17.0.2/javafx-media-17.0.2-linux.jar:/home/rajat/.m2/repository/org/fxmisc/richtext/richtextfx/0.11.0/richtextfx-0.11.0.jar:/home/rajat/.m2/repository/org/reactfx/reactfx/2.0-M5/reactfx-2.0-M5.jar:/home/rajat/.m2/repository/org/fxmisc/undo/undofx/2.1.1/undofx-2.1.1.jar:/home/rajat/.m2/repository/org/fxmisc/flowless/flowless/0.7.0/flowless-0.7.0.jar:/home/rajat/.m2/repository/org/fxmisc/wellbehaved/wellbehavedfx/0.3.3/wellbehavedfx-0.3.3.jar:/home/rajat/.m2/repository/org/openjfx/javafx-graphics/11/javafx-graphics-11-win.jar:/home/rajat/.m2/repository/org/openjfx/javafx-base/11/javafx-base-11-win.jar:/home/rajat/.m2/repository/org/openjfx/javafx-base/11/javafx-base-11-linux.jar:/home/rajat/.m2/repository/org/openjfx/javafx-fxml/11/javafx-fxml-11-win.jar:/home/rajat/.m2/repository/org/openjfx/javafx-controls/11/javafx-controls-11-win.jar:/home/rajat/.m2/repository/com/squareup/okhttp3/okhttp/4.12.0/okhttp-4.12.0.jar:/home/rajat/.m2/repository/com/squareup/okio/okio/3.6.0/okio-3.6.0.jar:/home/rajat/.m2/repository/com/squareup/okio/okio-jvm/3.6.0/okio-jvm-3.6.0.jar:/home/rajat/.m2/repository/org/jetbrains/kotlin/kotlin-stdlib-common/1.9.10/kotlin-stdlib-common-1.9.10.jar:/home/rajat/.m2/repository/org/jetbrains/kotlin/kotlin-stdlib-jdk8/1.8.21/kotlin-stdlib-jdk8-1.8.21.jar:/home/rajat/.m2/repository/org/jetbrains/kotlin/kotlin-stdlib/1.8.21/kotlin-stdlib-1.8.21.jar:/home/rajat/.m2/repository/org/jetbrains/annotations/13.0/annotations-13.0.jar:/home/rajat/.m2/repository/org/jetbrains/kotlin/kotlin-stdlib-jdk7/1.8.21/kotlin-stdlib-jdk7-1.8.21.jar:/home/rajat/.m2/repository/com/fasterxml/jackson/core/jackson-databind/2.15.2/jackson-databind-2.15.2.jar:/home/rajat/.m2/repository/com/fasterxml/jackson/core/jackson-annotations/2.15.2/jackson-annotations-2.15.2.jar:/home/rajat/.m2/repository/com/fasterxml/jackson/core/jackson-core/2.15.2/jackson-core-2.15.2.jar:/home/rajat/.m2/repository/com/github/docker-java/docker-java-core/3.3.4/docker-java-core-3.3.4.jar:/home/rajat/.m2/repository/com/github/docker-java/docker-java-api/3.3.4/docker-java-api-3.3.4.jar:/home/rajat/.m2/repository/com/github/docker-java/docker-java-transport/3.3.4/docker-java-transport-3.3.4.jar:/home/rajat/.m2/repository/org/slf4j/slf4j-api/1.7.30/slf4j-api-1.7.30.jar:/home/rajat/.m2/repository/org/apache/commons/commons-compress/1.21/commons-compress-1.21.jar:/home/rajat/.m2/repository/com/google/guava/guava/19.0/guava-19.0.jar:/home/rajat/.m2/repository/org/bouncycastle/bcpkix-jdk18on/1.76/bcpkix-jdk18on-1.76.jar:/home/rajat/.m2/repository/org/bouncycastle/bcprov-jdk18on/1.76/bcprov-jdk18on-1.76.jar:/home/rajat/.m2/repository/org/bouncycastle/bcutil-jdk18on/1.76/bcutil-jdk18on-1.76.jar:/home/rajat/.m2/repository/com/github/docker-java/docker-java-transport-httpclient5/3.3.4/docker-java-transport-httpclient5-3.3.4.jar:/home/rajat/.m2/repository/org/apache/httpcomponents/client5/httpclient5/5.0.3/httpclient5-5.0.3.jar:/home/rajat/.m2/repository/org/apache/httpcomponents/core5/httpcore5/5.0.2/httpcore5-5.0.2.jar:/home/rajat/.m2/repository/commons-codec/commons-codec/1.13/commons-codec-1.13.jar:/home/rajat/.m2/repository/net/java/dev/jna/jna/5.13.0/jna-5.13.0.jar:/home/rajat/.m2/repository/ch/qos/logback/logback-classic/1.4.11/logback-classic-1.4.11.jar:/home/rajat/.m2/repository/ch/qos/logback/logback-core/1.4.11/logback-core-1.4.11.jar:/home/rajat/.m2/repository/org/junit/jupiter/junit-jupiter/5.10.0/junit-jupiter-5.10.0.jar:/home/rajat/.m2/repository/org/junit/jupiter/junit-jupiter-api/5.10.0/junit-jupiter-api-5.10.0.jar:/home/rajat/.m2/repository/org/opentest4j/opentest4j/1.3.0/opentest4j-1.3.0.jar:/home/rajat/.m2/repository/org/junit/platform/junit-platform-commons/1.10.0/junit-platform-commons-1.10.0.jar:/home/rajat/.m2/repository/org/apiguardian/apiguardian-api/1.1.2/apiguardian-api-1.1.2.jar:/home/rajat/.m2/repository/org/junit/jupiter/junit-jupiter-params/5.10.0/junit-jupiter-params-5.10.0.jar:/home/rajat/.m2/repository/org/junit/jupiter/junit-jupiter-engine/5.10.0/junit-jupiter-engine-5.10.0.jar:/home/rajat/.m2/repository/org/junit/platform/junit-platform-engine/1.10.0/junit-platform-engine-1.10.0.jar:/home/rajat/.m2/repository/org/apache/commons/commons-lang3/3.13.0/commons-lang3-3.13.0.jar:/home/rajat/.m2/repository/commons-io/commons-io/2.11.0/commons-io-2.11.0.jar:/home/rajat/.m2/repository/org/jsoup/jsoup/1.16.1/jsoup-1.16.1.jar:"/>
    <property name="java.vm.vendor" value="Ubuntu"/>
    <property name="sun.arch.data.model" value="64"/>
    <property name="java.vendor.url" value="https://ubuntu.com/"/>
    <property name="user.timezone" value="Etc/UTC"/>
    <property name="os.name" value="Linux"/>
    <property name="java.vm.specification.version" value="21"/>
    <property name="sun.java.launcher" value="SUN_STANDARD"/>
    <property name="sun.boot.library.path" value="/usr/lib/jvm/java-21-openjdk-amd64/lib"/>
    <property name="sun.java.command" value="/home/rajat/new-projects/ai-coder/target/surefire/surefirebooter-20250817172929452_3.jar /home/rajat/new-projects/ai-coder/target/surefire 2025-08-17T17-29-29_344-jvmRun1 surefire-20250817172929452_1tmp surefire_0-20250817172929452_2tmp"/>
    <property name="jdk.debug" value="release"/>
    <property name="surefire.test.class.path" value="/home/rajat/new-projects/ai-coder/target/test-classes:/home/rajat/new-projects/ai-coder/target/classes:/home/rajat/.m2/repository/org/openjfx/javafx-controls/17.0.2/javafx-controls-17.0.2.jar:/home/rajat/.m2/repository/org/openjfx/javafx-controls/17.0.2/javafx-controls-17.0.2-linux.jar:/home/rajat/.m2/repository/org/openjfx/javafx-graphics/17.0.2/javafx-graphics-17.0.2.jar:/home/rajat/.m2/repository/org/openjfx/javafx-graphics/17.0.2/javafx-graphics-17.0.2-linux.jar:/home/rajat/.m2/repository/org/openjfx/javafx-base/17.0.2/javafx-base-17.0.2.jar:/home/rajat/.m2/repository/org/openjfx/javafx-fxml/17.0.2/javafx-fxml-17.0.2.jar:/home/rajat/.m2/repository/org/openjfx/javafx-fxml/17.0.2/javafx-fxml-17.0.2-linux.jar:/home/rajat/.m2/repository/org/openjfx/javafx-web/17.0.2/javafx-web-17.0.2.jar:/home/rajat/.m2/repository/org/openjfx/javafx-web/17.0.2/javafx-web-17.0.2-linux.jar:/home/rajat/.m2/repository/org/openjfx/javafx-media/17.0.2/javafx-media-17.0.2.jar:/home/rajat/.m2/repository/org/openjfx/javafx-media/17.0.2/javafx-media-17.0.2-linux.jar:/home/rajat/.m2/repository/org/fxmisc/richtext/richtextfx/0.11.0/richtextfx-0.11.0.jar:/home/rajat/.m2/repository/org/reactfx/reactfx/2.0-M5/reactfx-2.0-M5.jar:/home/rajat/.m2/repository/org/fxmisc/undo/undofx/2.1.1/undofx-2.1.1.jar:/home/rajat/.m2/repository/org/fxmisc/flowless/flowless/0.7.0/flowless-0.7.0.jar:/home/rajat/.m2/repository/org/fxmisc/wellbehaved/wellbehavedfx/0.3.3/wellbehavedfx-0.3.3.jar:/home/rajat/.m2/repository/org/openjfx/javafx-graphics/11/javafx-graphics-11-win.jar:/home/rajat/.m2/repository/org/openjfx/javafx-base/11/javafx-base-11-win.jar:/home/rajat/.m2/repository/org/openjfx/javafx-base/11/javafx-base-11-linux.jar:/home/rajat/.m2/repository/org/openjfx/javafx-fxml/11/javafx-fxml-11-win.jar:/home/rajat/.m2/repository/org/openjfx/javafx-controls/11/javafx-controls-11-win.jar:/home/rajat/.m2/repository/com/squareup/okhttp3/okhttp/4.12.0/okhttp-4.12.0.jar:/home/rajat/.m2/repository/com/squareup/okio/okio/3.6.0/okio-3.6.0.jar:/home/rajat/.m2/repository/com/squareup/okio/okio-jvm/3.6.0/okio-jvm-3.6.0.jar:/home/rajat/.m2/repository/org/jetbrains/kotlin/kotlin-stdlib-common/1.9.10/kotlin-stdlib-common-1.9.10.jar:/home/rajat/.m2/repository/org/jetbrains/kotlin/kotlin-stdlib-jdk8/1.8.21/kotlin-stdlib-jdk8-1.8.21.jar:/home/rajat/.m2/repository/org/jetbrains/kotlin/kotlin-stdlib/1.8.21/kotlin-stdlib-1.8.21.jar:/home/rajat/.m2/repository/org/jetbrains/annotations/13.0/annotations-13.0.jar:/home/rajat/.m2/repository/org/jetbrains/kotlin/kotlin-stdlib-jdk7/1.8.21/kotlin-stdlib-jdk7-1.8.21.jar:/home/rajat/.m2/repository/com/fasterxml/jackson/core/jackson-databind/2.15.2/jackson-databind-2.15.2.jar:/home/rajat/.m2/repository/com/fasterxml/jackson/core/jackson-annotations/2.15.2/jackson-annotations-2.15.2.jar:/home/rajat/.m2/repository/com/fasterxml/jackson/core/jackson-core/2.15.2/jackson-core-2.15.2.jar:/home/rajat/.m2/repository/com/github/docker-java/docker-java-core/3.3.4/docker-java-core-3.3.4.jar:/home/rajat/.m2/repository/com/github/docker-java/docker-java-api/3.3.4/docker-java-api-3.3.4.jar:/home/rajat/.m2/repository/com/github/docker-java/docker-java-transport/3.3.4/docker-java-transport-3.3.4.jar:/home/rajat/.m2/repository/org/slf4j/slf4j-api/1.7.30/slf4j-api-1.7.30.jar:/home/rajat/.m2/repository/org/apache/commons/commons-compress/1.21/commons-compress-1.21.jar:/home/rajat/.m2/repository/com/google/guava/guava/19.0/guava-19.0.jar:/home/rajat/.m2/repository/org/bouncycastle/bcpkix-jdk18on/1.76/bcpkix-jdk18on-1.76.jar:/home/rajat/.m2/repository/org/bouncycastle/bcprov-jdk18on/1.76/bcprov-jdk18on-1.76.jar:/home/rajat/.m2/repository/org/bouncycastle/bcutil-jdk18on/1.76/bcutil-jdk18on-1.76.jar:/home/rajat/.m2/repository/com/github/docker-java/docker-java-transport-httpclient5/3.3.4/docker-java-transport-httpclient5-3.3.4.jar:/home/rajat/.m2/repository/org/apache/httpcomponents/client5/httpclient5/5.0.3/httpclient5-5.0.3.jar:/home/rajat/.m2/repository/org/apache/httpcomponents/core5/httpcore5/5.0.2/httpcore5-5.0.2.jar:/home/rajat/.m2/repository/commons-codec/commons-codec/1.13/commons-codec-1.13.jar:/home/rajat/.m2/repository/net/java/dev/jna/jna/5.13.0/jna-5.13.0.jar:/home/rajat/.m2/repository/ch/qos/logback/logback-classic/1.4.11/logback-classic-1.4.11.jar:/home/rajat/.m2/repository/ch/qos/logback/logback-core/1.4.11/logback-core-1.4.11.jar:/home/rajat/.m2/repository/org/junit/jupiter/junit-jupiter/5.10.0/junit-jupiter-5.10.0.jar:/home/rajat/.m2/repository/org/junit/jupiter/junit-jupiter-api/5.10.0/junit-jupiter-api-5.10.0.jar:/home/rajat/.m2/repository/org/opentest4j/opentest4j/1.3.0/opentest4j-1.3.0.jar:/home/rajat/.m2/repository/org/junit/platform/junit-platform-commons/1.10.0/junit-platform-commons-1.10.0.jar:/home/rajat/.m2/repository/org/apiguardian/apiguardian-api/1.1.2/apiguardian-api-1.1.2.jar:/home/rajat/.m2/repository/org/junit/jupiter/junit-jupiter-params/5.10.0/junit-jupiter-params-5.10.0.jar:/home/rajat/.m2/repository/org/junit/jupiter/junit-jupiter-engine/5.10.0/junit-jupiter-engine-5.10.0.jar:/home/rajat/.m2/repository/org/junit/platform/junit-platform-engine/1.10.0/junit-platform-engine-1.10.0.jar:/home/rajat/.m2/repository/org/apache/commons/commons-lang3/3.13.0/commons-lang3-3.13.0.jar:/home/rajat/.m2/repository/commons-io/commons-io/2.11.0/commons-io-2.11.0.jar:/home/rajat/.m2/repository/org/jsoup/jsoup/1.16.1/jsoup-1.16.1.jar:"/>
    <property name="sun.cpu.endian" value="little"/>
    <property name="user.home" value="/home/rajat"/>
    <property name="user.language" value="en"/>
    <property name="java.specification.vendor" value="Oracle Corporation"/>
    <property name="java.version.date" value="2025-07-15"/>
    <property name="java.home" value="/usr/lib/jvm/java-21-openjdk-amd64"/>
    <property name="file.separator" value="/"/>
    <property name="basedir" value="/home/rajat/new-projects/ai-coder"/>
    <property name="java.vm.compressedOopsMode" value="32-bit"/>
    <property name="line.separator" value="&#10;"/>
    <property name="java.vm.specification.vendor" value="Oracle Corporation"/>
    <property name="java.specification.name" value="Java Platform API Specification"/>
    <property name="surefire.real.class.path" value="/home/rajat/new-projects/ai-coder/target/surefire/surefirebooter-20250817172929452_3.jar"/>
    <property name="sun.management.compiler" value="HotSpot 64-Bit Tiered Compilers"/>
    <property name="java.runtime.version" value="21.0.8+9-Ubuntu-0ubuntu124.04.1"/>
    <property name="user.name" value="rajat"/>
    <property name="stdout.encoding" value="UTF-8"/>
    <property name="path.separator" value=":"/>
    <property name="os.version" value="6.6.87.2-microsoft-standard-WSL2"/>
    <property name="java.runtime.name" value="OpenJDK Runtime Environment"/>
    <property name="file.encoding" value="UTF-8"/>
    <property name="java.vm.name" value="OpenJDK 64-Bit Server VM"/>
    <property name="localRepository" value="/home/rajat/.m2/repository"/>
    <property name="java.vendor.url.bug" value="https://bugs.launchpad.net/ubuntu/+source/openjdk-21"/>
    <property name="java.io.tmpdir" value="/tmp"/>
    <property name="java.version" value="21.0.8"/>
    <property name="user.dir" value="/home/rajat/new-projects/ai-coder"/>
    <property name="os.arch" value="amd64"/>
    <property name="java.vm.specification.name" value="Java Virtual Machine Specification"/>
    <property name="native.encoding" value="UTF-8"/>
    <property name="java.library.path" value="/usr/java/packages/lib:/usr/lib/x86_64-linux-gnu/jni:/lib/x86_64-linux-gnu:/usr/lib/x86_64-linux-gnu:/usr/lib/jni:/lib:/usr/lib"/>
    <property name="stderr.encoding" value="UTF-8"/>
    <property name="java.vm.info" value="mixed mode, sharing"/>
    <property name="java.vendor" value="Ubuntu"/>
    <property name="java.vm.version" value="21.0.8+9-Ubuntu-0ubuntu124.04.1"/>
    <property name="sun.io.unicode.encoding" value="UnicodeLittle"/>
    <property name="java.class.version" value="65.0"/>
  </properties>
  <testcase name="testPrivilegeManager" classname="com.aicodeeditor.BasicTest" time="0.057">
    <system-err><![CDATA[SLF4J: Failed to load class "org.slf4j.impl.StaticLoggerBinder".
SLF4J: Defaulting to no-operation (NOP) logger implementation
SLF4J: See http://www.slf4j.org/codes.html#StaticLoggerBinder for further details.
]]></system-err>
  </testcase>
  <testcase name="testConfigurationManager" classname="com.aicodeeditor.BasicTest" time="0.115"/>
  <testcase name="testConfigurationDefaults" classname="com.aicodeeditor.BasicTest" time="0.033"/>
</testsuite>